<?xml version="1.0" encoding="UTF-8"?>
<testsuite xmlns:xsi="http://www.w3.org/2001/XMLSchema-instance" xsi:noNamespaceSchemaLocation="https://maven.apache.org/surefire/maven-surefire-plugin/xsd/surefire-test-report-3.0.xsd" version="3.0" name="com.in28minutes.rest.webservices.restfulwebservices.RestfulWebServicesApplicationTests" time="3.488" tests="1" errors="0" skipped="0" failures="0">
  <properties>
    <property name="java.specification.version" value="17"/>
    <property name="sun.jnu.encoding" value="UTF-8"/>
    <property name="java.class.path" value="/home/hyvuonggia/todo-app-react-springboot/01-rest-api-starting-code/target/test-classes:/home/hyvuonggia/todo-app-react-springboot/01-rest-api-starting-code/target/classes:/home/hyvuonggia/.m2/repository/org/springframework/boot/spring-boot-starter-web/3.1.10/spring-boot-starter-web-3.1.10.jar:/home/hyvuonggia/.m2/repository/org/springframework/boot/spring-boot-starter/3.1.10/spring-boot-starter-3.1.10.jar:/home/hyvuonggia/.m2/repository/org/springframework/boot/spring-boot-starter-logging/3.1.10/spring-boot-starter-logging-3.1.10.jar:/home/hyvuonggia/.m2/repository/ch/qos/logback/logback-classic/1.4.14/logback-classic-1.4.14.jar:/home/hyvuonggia/.m2/repository/ch/qos/logback/logback-core/1.4.14/logback-core-1.4.14.jar:/home/hyvuonggia/.m2/repository/org/apache/logging/log4j/log4j-to-slf4j/2.20.0/log4j-to-slf4j-2.20.0.jar:/home/hyvuonggia/.m2/repository/org/apache/logging/log4j/log4j-api/2.20.0/log4j-api-2.20.0.jar:/home/hyvuonggia/.m2/repository/org/slf4j/jul-to-slf4j/2.0.12/jul-to-slf4j-2.0.12.jar:/home/hyvuonggia/.m2/repository/jakarta/annotation/jakarta.annotation-api/2.1.1/jakarta.annotation-api-2.1.1.jar:/home/hyvuonggia/.m2/repository/org/yaml/snakeyaml/1.33/snakeyaml-1.33.jar:/home/hyvuonggia/.m2/repository/org/springframework/boot/spring-boot-starter-json/3.1.10/spring-boot-starter-json-3.1.10.jar:/home/hyvuonggia/.m2/repository/com/fasterxml/jackson/core/jackson-databind/2.15.4/jackson-databind-2.15.4.jar:/home/hyvuonggia/.m2/repository/com/fasterxml/jackson/core/jackson-annotations/2.15.4/jackson-annotations-2.15.4.jar:/home/hyvuonggia/.m2/repository/com/fasterxml/jackson/core/jackson-core/2.15.4/jackson-core-2.15.4.jar:/home/hyvuonggia/.m2/repository/com/fasterxml/jackson/datatype/jackson-datatype-jdk8/2.15.4/jackson-datatype-jdk8-2.15.4.jar:/home/hyvuonggia/.m2/repository/com/fasterxml/jackson/datatype/jackson-datatype-jsr310/2.15.4/jackson-datatype-jsr310-2.15.4.jar:/home/hyvuonggia/.m2/repository/com/fasterxml/jackson/module/jackson-module-parameter-names/2.15.4/jackson-module-parameter-names-2.15.4.jar:/home/hyvuonggia/.m2/repository/org/springframework/boot/spring-boot-starter-tomcat/3.1.10/spring-boot-starter-tomcat-3.1.10.jar:/home/hyvuonggia/.m2/repository/org/apache/tomcat/embed/tomcat-embed-core/10.1.19/tomcat-embed-core-10.1.19.jar:/home/hyvuonggia/.m2/repository/org/apache/tomcat/embed/tomcat-embed-websocket/10.1.19/tomcat-embed-websocket-10.1.19.jar:/home/hyvuonggia/.m2/repository/org/springframework/spring-web/6.0.18/spring-web-6.0.18.jar:/home/hyvuonggia/.m2/repository/org/springframework/spring-beans/6.0.18/spring-beans-6.0.18.jar:/home/hyvuonggia/.m2/repository/io/micrometer/micrometer-observation/1.11.10/micrometer-observation-1.11.10.jar:/home/hyvuonggia/.m2/repository/io/micrometer/micrometer-commons/1.11.10/micrometer-commons-1.11.10.jar:/home/hyvuonggia/.m2/repository/org/springframework/spring-webmvc/6.0.18/spring-webmvc-6.0.18.jar:/home/hyvuonggia/.m2/repository/org/springframework/spring-context/6.0.18/spring-context-6.0.18.jar:/home/hyvuonggia/.m2/repository/org/springframework/spring-expression/6.0.18/spring-expression-6.0.18.jar:/home/hyvuonggia/.m2/repository/org/springframework/boot/spring-boot-starter-validation/3.1.10/spring-boot-starter-validation-3.1.10.jar:/home/hyvuonggia/.m2/repository/org/apache/tomcat/embed/tomcat-embed-el/10.1.19/tomcat-embed-el-10.1.19.jar:/home/hyvuonggia/.m2/repository/org/hibernate/validator/hibernate-validator/8.0.1.Final/hibernate-validator-8.0.1.Final.jar:/home/hyvuonggia/.m2/repository/jakarta/validation/jakarta.validation-api/3.0.2/jakarta.validation-api-3.0.2.jar:/home/hyvuonggia/.m2/repository/org/jboss/logging/jboss-logging/3.5.3.Final/jboss-logging-3.5.3.Final.jar:/home/hyvuonggia/.m2/repository/com/fasterxml/classmate/1.5.1/classmate-1.5.1.jar:/home/hyvuonggia/.m2/repository/org/springframework/boot/spring-boot-starter-security/3.1.10/spring-boot-starter-security-3.1.10.jar:/home/hyvuonggia/.m2/repository/org/springframework/spring-aop/6.0.18/spring-aop-6.0.18.jar:/home/hyvuonggia/.m2/repository/org/springframework/security/spring-security-config/6.1.8/spring-security-config-6.1.8.jar:/home/hyvuonggia/.m2/repository/org/springframework/security/spring-security-web/6.1.8/spring-security-web-6.1.8.jar:/home/hyvuonggia/.m2/repository/org/springframework/boot/spring-boot-starter-oauth2-resource-server/3.1.10/spring-boot-starter-oauth2-resource-server-3.1.10.jar:/home/hyvuonggia/.m2/repository/org/springframework/security/spring-security-core/6.1.8/spring-security-core-6.1.8.jar:/home/hyvuonggia/.m2/repository/org/springframework/security/spring-security-crypto/6.1.8/spring-security-crypto-6.1.8.jar:/home/hyvuonggia/.m2/repository/org/springframework/security/spring-security-oauth2-resource-server/6.1.8/spring-security-oauth2-resource-server-6.1.8.jar:/home/hyvuonggia/.m2/repository/org/springframework/security/spring-security-oauth2-core/6.1.8/spring-security-oauth2-core-6.1.8.jar:/home/hyvuonggia/.m2/repository/org/springframework/security/spring-security-oauth2-jose/6.1.8/spring-security-oauth2-jose-6.1.8.jar:/home/hyvuonggia/.m2/repository/com/nimbusds/nimbus-jose-jwt/9.24.4/nimbus-jose-jwt-9.24.4.jar:/home/hyvuonggia/.m2/repository/com/github/stephenc/jcip/jcip-annotations/1.0-1/jcip-annotations-1.0-1.jar:/home/hyvuonggia/.m2/repository/org/springframework/boot/spring-boot-configuration-processor/3.1.10/spring-boot-configuration-processor-3.1.10.jar:/home/hyvuonggia/.m2/repository/org/springframework/boot/spring-boot-devtools/3.1.10/spring-boot-devtools-3.1.10.jar:/home/hyvuonggia/.m2/repository/org/springframework/boot/spring-boot/3.1.10/spring-boot-3.1.10.jar:/home/hyvuonggia/.m2/repository/org/springframework/boot/spring-boot-autoconfigure/3.1.10/spring-boot-autoconfigure-3.1.10.jar:/home/hyvuonggia/.m2/repository/org/springframework/boot/spring-boot-starter-test/3.1.10/spring-boot-starter-test-3.1.10.jar:/home/hyvuonggia/.m2/repository/org/springframework/boot/spring-boot-test/3.1.10/spring-boot-test-3.1.10.jar:/home/hyvuonggia/.m2/repository/org/springframework/boot/spring-boot-test-autoconfigure/3.1.10/spring-boot-test-autoconfigure-3.1.10.jar:/home/hyvuonggia/.m2/repository/com/jayway/jsonpath/json-path/2.9.0/json-path-2.9.0.jar:/home/hyvuonggia/.m2/repository/org/slf4j/slf4j-api/2.0.12/slf4j-api-2.0.12.jar:/home/hyvuonggia/.m2/repository/jakarta/xml/bind/jakarta.xml.bind-api/4.0.2/jakarta.xml.bind-api-4.0.2.jar:/home/hyvuonggia/.m2/repository/jakarta/activation/jakarta.activation-api/2.1.3/jakarta.activation-api-2.1.3.jar:/home/hyvuonggia/.m2/repository/net/minidev/json-smart/2.4.11/json-smart-2.4.11.jar:/home/hyvuonggia/.m2/repository/net/minidev/accessors-smart/2.4.11/accessors-smart-2.4.11.jar:/home/hyvuonggia/.m2/repository/org/ow2/asm/asm/9.3/asm-9.3.jar:/home/hyvuonggia/.m2/repository/org/assertj/assertj-core/3.24.2/assertj-core-3.24.2.jar:/home/hyvuonggia/.m2/repository/net/bytebuddy/byte-buddy/1.14.12/byte-buddy-1.14.12.jar:/home/hyvuonggia/.m2/repository/org/hamcrest/hamcrest/2.2/hamcrest-2.2.jar:/home/hyvuonggia/.m2/repository/org/junit/jupiter/junit-jupiter/5.9.3/junit-jupiter-5.9.3.jar:/home/hyvuonggia/.m2/repository/org/junit/jupiter/junit-jupiter-api/5.9.3/junit-jupiter-api-5.9.3.jar:/home/hyvuonggia/.m2/repository/org/opentest4j/opentest4j/1.2.0/opentest4j-1.2.0.jar:/home/hyvuonggia/.m2/repository/org/junit/platform/junit-platform-commons/1.9.3/junit-platform-commons-1.9.3.jar:/home/hyvuonggia/.m2/repository/org/apiguardian/apiguardian-api/1.1.2/apiguardian-api-1.1.2.jar:/home/hyvuonggia/.m2/repository/org/junit/jupiter/junit-jupiter-params/5.9.3/junit-jupiter-params-5.9.3.jar:/home/hyvuonggia/.m2/repository/org/junit/jupiter/junit-jupiter-engine/5.9.3/junit-jupiter-engine-5.9.3.jar:/home/hyvuonggia/.m2/repository/org/junit/platform/junit-platform-engine/1.9.3/junit-platform-engine-1.9.3.jar:/home/hyvuonggia/.m2/repository/org/mockito/mockito-core/5.3.1/mockito-core-5.3.1.jar:/home/hyvuonggia/.m2/repository/net/bytebuddy/byte-buddy-agent/1.14.12/byte-buddy-agent-1.14.12.jar:/home/hyvuonggia/.m2/repository/org/objenesis/objenesis/3.3/objenesis-3.3.jar:/home/hyvuonggia/.m2/repository/org/mockito/mockito-junit-jupiter/5.3.1/mockito-junit-jupiter-5.3.1.jar:/home/hyvuonggia/.m2/repository/org/skyscreamer/jsonassert/1.5.1/jsonassert-1.5.1.jar:/home/hyvuonggia/.m2/repository/com/vaadin/external/google/android-json/0.0.20131108.vaadin1/android-json-0.0.20131108.vaadin1.jar:/home/hyvuonggia/.m2/repository/org/springframework/spring-core/6.0.18/spring-core-6.0.18.jar:/home/hyvuonggia/.m2/repository/org/springframework/spring-jcl/6.0.18/spring-jcl-6.0.18.jar:/home/hyvuonggia/.m2/repository/org/springframework/spring-test/6.0.18/spring-test-6.0.18.jar:/home/hyvuonggia/.m2/repository/org/xmlunit/xmlunit-core/2.9.1/xmlunit-core-2.9.1.jar:"/>
    <property name="java.vm.vendor" value="Eclipse Adoptium"/>
    <property name="sun.arch.data.model" value="64"/>
    <property name="java.vendor.url" value="https://adoptium.net/"/>
    <property name="user.timezone" value="Asia/Ho_Chi_Minh"/>
    <property name="org.jboss.logging.provider" value="slf4j"/>
    <property name="os.name" value="Linux"/>
    <property name="java.vm.specification.version" value="17"/>
    <property name="sun.java.launcher" value="SUN_STANDARD"/>
    <property name="user.country" value="US"/>
    <property name="sun.boot.library.path" value="/home/hyvuonggia/.p2/pool/plugins/org.eclipse.justj.openjdk.hotspot.jre.full.linux.x86_64_17.0.10.v20240120-1143/jre/lib"/>
    <property name="sun.java.command" value="/home/hyvuonggia/todo-app-react-springboot/01-rest-api-starting-code/target/surefire/surefirebooter-20240414150333346_3.jar /home/hyvuonggia/todo-app-react-springboot/01-rest-api-starting-code/target/surefire 2024-04-14T15-03-26_788-jvmRun1 surefire-20240414150333346_1tmp surefire_0-20240414150333346_2tmp"/>
    <property name="jdk.debug" value="release"/>
    <property name="surefire.test.class.path" value="/home/hyvuonggia/todo-app-react-springboot/01-rest-api-starting-code/target/test-classes:/home/hyvuonggia/todo-app-react-springboot/01-rest-api-starting-code/target/classes:/home/hyvuonggia/.m2/repository/org/springframework/boot/spring-boot-starter-web/3.1.10/spring-boot-starter-web-3.1.10.jar:/home/hyvuonggia/.m2/repository/org/springframework/boot/spring-boot-starter/3.1.10/spring-boot-starter-3.1.10.jar:/home/hyvuonggia/.m2/repository/org/springframework/boot/spring-boot-starter-logging/3.1.10/spring-boot-starter-logging-3.1.10.jar:/home/hyvuonggia/.m2/repository/ch/qos/logback/logback-classic/1.4.14/logback-classic-1.4.14.jar:/home/hyvuonggia/.m2/repository/ch/qos/logback/logback-core/1.4.14/logback-core-1.4.14.jar:/home/hyvuonggia/.m2/repository/org/apache/logging/log4j/log4j-to-slf4j/2.20.0/log4j-to-slf4j-2.20.0.jar:/home/hyvuonggia/.m2/repository/org/apache/logging/log4j/log4j-api/2.20.0/log4j-api-2.20.0.jar:/home/hyvuonggia/.m2/repository/org/slf4j/jul-to-slf4j/2.0.12/jul-to-slf4j-2.0.12.jar:/home/hyvuonggia/.m2/repository/jakarta/annotation/jakarta.annotation-api/2.1.1/jakarta.annotation-api-2.1.1.jar:/home/hyvuonggia/.m2/repository/org/yaml/snakeyaml/1.33/snakeyaml-1.33.jar:/home/hyvuonggia/.m2/repository/org/springframework/boot/spring-boot-starter-json/3.1.10/spring-boot-starter-json-3.1.10.jar:/home/hyvuonggia/.m2/repository/com/fasterxml/jackson/core/jackson-databind/2.15.4/jackson-databind-2.15.4.jar:/home/hyvuonggia/.m2/repository/com/fasterxml/jackson/core/jackson-annotations/2.15.4/jackson-annotations-2.15.4.jar:/home/hyvuonggia/.m2/repository/com/fasterxml/jackson/core/jackson-core/2.15.4/jackson-core-2.15.4.jar:/home/hyvuonggia/.m2/repository/com/fasterxml/jackson/datatype/jackson-datatype-jdk8/2.15.4/jackson-datatype-jdk8-2.15.4.jar:/home/hyvuonggia/.m2/repository/com/fasterxml/jackson/datatype/jackson-datatype-jsr310/2.15.4/jackson-datatype-jsr310-2.15.4.jar:/home/hyvuonggia/.m2/repository/com/fasterxml/jackson/module/jackson-module-parameter-names/2.15.4/jackson-module-parameter-names-2.15.4.jar:/home/hyvuonggia/.m2/repository/org/springframework/boot/spring-boot-starter-tomcat/3.1.10/spring-boot-starter-tomcat-3.1.10.jar:/home/hyvuonggia/.m2/repository/org/apache/tomcat/embed/tomcat-embed-core/10.1.19/tomcat-embed-core-10.1.19.jar:/home/hyvuonggia/.m2/repository/org/apache/tomcat/embed/tomcat-embed-websocket/10.1.19/tomcat-embed-websocket-10.1.19.jar:/home/hyvuonggia/.m2/repository/org/springframework/spring-web/6.0.18/spring-web-6.0.18.jar:/home/hyvuonggia/.m2/repository/org/springframework/spring-beans/6.0.18/spring-beans-6.0.18.jar:/home/hyvuonggia/.m2/repository/io/micrometer/micrometer-observation/1.11.10/micrometer-observation-1.11.10.jar:/home/hyvuonggia/.m2/repository/io/micrometer/micrometer-commons/1.11.10/micrometer-commons-1.11.10.jar:/home/hyvuonggia/.m2/repository/org/springframework/spring-webmvc/6.0.18/spring-webmvc-6.0.18.jar:/home/hyvuonggia/.m2/repository/org/springframework/spring-context/6.0.18/spring-context-6.0.18.jar:/home/hyvuonggia/.m2/repository/org/springframework/spring-expression/6.0.18/spring-expression-6.0.18.jar:/home/hyvuonggia/.m2/repository/org/springframework/boot/spring-boot-starter-validation/3.1.10/spring-boot-starter-validation-3.1.10.jar:/home/hyvuonggia/.m2/repository/org/apache/tomcat/embed/tomcat-embed-el/10.1.19/tomcat-embed-el-10.1.19.jar:/home/hyvuonggia/.m2/repository/org/hibernate/validator/hibernate-validator/8.0.1.Final/hibernate-validator-8.0.1.Final.jar:/home/hyvuonggia/.m2/repository/jakarta/validation/jakarta.validation-api/3.0.2/jakarta.validation-api-3.0.2.jar:/home/hyvuonggia/.m2/repository/org/jboss/logging/jboss-logging/3.5.3.Final/jboss-logging-3.5.3.Final.jar:/home/hyvuonggia/.m2/repository/com/fasterxml/classmate/1.5.1/classmate-1.5.1.jar:/home/hyvuonggia/.m2/repository/org/springframework/boot/spring-boot-starter-security/3.1.10/spring-boot-starter-security-3.1.10.jar:/home/hyvuonggia/.m2/repository/org/springframework/spring-aop/6.0.18/spring-aop-6.0.18.jar:/home/hyvuonggia/.m2/repository/org/springframework/security/spring-security-config/6.1.8/spring-security-config-6.1.8.jar:/home/hyvuonggia/.m2/repository/org/springframework/security/spring-security-web/6.1.8/spring-security-web-6.1.8.jar:/home/hyvuonggia/.m2/repository/org/springframework/boot/spring-boot-starter-oauth2-resource-server/3.1.10/spring-boot-starter-oauth2-resource-server-3.1.10.jar:/home/hyvuonggia/.m2/repository/org/springframework/security/spring-security-core/6.1.8/spring-security-core-6.1.8.jar:/home/hyvuonggia/.m2/repository/org/springframework/security/spring-security-crypto/6.1.8/spring-security-crypto-6.1.8.jar:/home/hyvuonggia/.m2/repository/org/springframework/security/spring-security-oauth2-resource-server/6.1.8/spring-security-oauth2-resource-server-6.1.8.jar:/home/hyvuonggia/.m2/repository/org/springframework/security/spring-security-oauth2-core/6.1.8/spring-security-oauth2-core-6.1.8.jar:/home/hyvuonggia/.m2/repository/org/springframework/security/spring-security-oauth2-jose/6.1.8/spring-security-oauth2-jose-6.1.8.jar:/home/hyvuonggia/.m2/repository/com/nimbusds/nimbus-jose-jwt/9.24.4/nimbus-jose-jwt-9.24.4.jar:/home/hyvuonggia/.m2/repository/com/github/stephenc/jcip/jcip-annotations/1.0-1/jcip-annotations-1.0-1.jar:/home/hyvuonggia/.m2/repository/org/springframework/boot/spring-boot-configuration-processor/3.1.10/spring-boot-configuration-processor-3.1.10.jar:/home/hyvuonggia/.m2/repository/org/springframework/boot/spring-boot-devtools/3.1.10/spring-boot-devtools-3.1.10.jar:/home/hyvuonggia/.m2/repository/org/springframework/boot/spring-boot/3.1.10/spring-boot-3.1.10.jar:/home/hyvuonggia/.m2/repository/org/springframework/boot/spring-boot-autoconfigure/3.1.10/spring-boot-autoconfigure-3.1.10.jar:/home/hyvuonggia/.m2/repository/org/springframework/boot/spring-boot-starter-test/3.1.10/spring-boot-starter-test-3.1.10.jar:/home/hyvuonggia/.m2/repository/org/springframework/boot/spring-boot-test/3.1.10/spring-boot-test-3.1.10.jar:/home/hyvuonggia/.m2/repository/org/springframework/boot/spring-boot-test-autoconfigure/3.1.10/spring-boot-test-autoconfigure-3.1.10.jar:/home/hyvuonggia/.m2/repository/com/jayway/jsonpath/json-path/2.9.0/json-path-2.9.0.jar:/home/hyvuonggia/.m2/repository/org/slf4j/slf4j-api/2.0.12/slf4j-api-2.0.12.jar:/home/hyvuonggia/.m2/repository/jakarta/xml/bind/jakarta.xml.bind-api/4.0.2/jakarta.xml.bind-api-4.0.2.jar:/home/hyvuonggia/.m2/repository/jakarta/activation/jakarta.activation-api/2.1.3/jakarta.activation-api-2.1.3.jar:/home/hyvuonggia/.m2/repository/net/minidev/json-smart/2.4.11/json-smart-2.4.11.jar:/home/hyvuonggia/.m2/repository/net/minidev/accessors-smart/2.4.11/accessors-smart-2.4.11.jar:/home/hyvuonggia/.m2/repository/org/ow2/asm/asm/9.3/asm-9.3.jar:/home/hyvuonggia/.m2/repository/org/assertj/assertj-core/3.24.2/assertj-core-3.24.2.jar:/home/hyvuonggia/.m2/repository/net/bytebuddy/byte-buddy/1.14.12/byte-buddy-1.14.12.jar:/home/hyvuonggia/.m2/repository/org/hamcrest/hamcrest/2.2/hamcrest-2.2.jar:/home/hyvuonggia/.m2/repository/org/junit/jupiter/junit-jupiter/5.9.3/junit-jupiter-5.9.3.jar:/home/hyvuonggia/.m2/repository/org/junit/jupiter/junit-jupiter-api/5.9.3/junit-jupiter-api-5.9.3.jar:/home/hyvuonggia/.m2/repository/org/opentest4j/opentest4j/1.2.0/opentest4j-1.2.0.jar:/home/hyvuonggia/.m2/repository/org/junit/platform/junit-platform-commons/1.9.3/junit-platform-commons-1.9.3.jar:/home/hyvuonggia/.m2/repository/org/apiguardian/apiguardian-api/1.1.2/apiguardian-api-1.1.2.jar:/home/hyvuonggia/.m2/repository/org/junit/jupiter/junit-jupiter-params/5.9.3/junit-jupiter-params-5.9.3.jar:/home/hyvuonggia/.m2/repository/org/junit/jupiter/junit-jupiter-engine/5.9.3/junit-jupiter-engine-5.9.3.jar:/home/hyvuonggia/.m2/repository/org/junit/platform/junit-platform-engine/1.9.3/junit-platform-engine-1.9.3.jar:/home/hyvuonggia/.m2/repository/org/mockito/mockito-core/5.3.1/mockito-core-5.3.1.jar:/home/hyvuonggia/.m2/repository/net/bytebuddy/byte-buddy-agent/1.14.12/byte-buddy-agent-1.14.12.jar:/home/hyvuonggia/.m2/repository/org/objenesis/objenesis/3.3/objenesis-3.3.jar:/home/hyvuonggia/.m2/repository/org/mockito/mockito-junit-jupiter/5.3.1/mockito-junit-jupiter-5.3.1.jar:/home/hyvuonggia/.m2/repository/org/skyscreamer/jsonassert/1.5.1/jsonassert-1.5.1.jar:/home/hyvuonggia/.m2/repository/com/vaadin/external/google/android-json/0.0.20131108.vaadin1/android-json-0.0.20131108.vaadin1.jar:/home/hyvuonggia/.m2/repository/org/springframework/spring-core/6.0.18/spring-core-6.0.18.jar:/home/hyvuonggia/.m2/repository/org/springframework/spring-jcl/6.0.18/spring-jcl-6.0.18.jar:/home/hyvuonggia/.m2/repository/org/springframework/spring-test/6.0.18/spring-test-6.0.18.jar:/home/hyvuonggia/.m2/repository/org/xmlunit/xmlunit-core/2.9.1/xmlunit-core-2.9.1.jar:"/>
    <property name="sun.cpu.endian" value="little"/>
    <property name="user.home" value="/home/hyvuonggia"/>
    <property name="user.language" value="en"/>
    <property name="java.specification.vendor" value="Oracle Corporation"/>
    <property name="java.version.date" value="2024-01-16"/>
    <property name="java.home" value="/home/hyvuonggia/.p2/pool/plugins/org.eclipse.justj.openjdk.hotspot.jre.full.linux.x86_64_17.0.10.v20240120-1143/jre"/>
    <property name="file.separator" value="/"/>
    <property name="style.color" value="always"/>
    <property name="basedir" value="/home/hyvuonggia/todo-app-react-springboot/01-rest-api-starting-code"/>
    <property name="java.vm.compressedOopsMode" value="Zero based"/>
    <property name="line.separator" value="&#10;"/>
    <property name="java.specification.name" value="Java Platform API Specification"/>
    <property name="java.vm.specification.vendor" value="Oracle Corporation"/>
    <property name="FILE_LOG_CHARSET" value="UTF-8"/>
    <property name="java.awt.headless" value="true"/>
    <property name="surefire.real.class.path" value="/home/hyvuonggia/todo-app-react-springboot/01-rest-api-starting-code/target/surefire/surefirebooter-20240414150333346_3.jar"/>
    <property name="sun.management.compiler" value="HotSpot 64-Bit Tiered Compilers"/>
    <property name="java.runtime.version" value="17.0.10+7"/>
    <property name="user.name" value="hyvuonggia"/>
    <property name="path.separator" value=":"/>
    <property name="os.version" value="6.8.0-76060800daily20240311-generic"/>
    <property name="java.runtime.name" value="OpenJDK Runtime Environment"/>
    <property name="file.encoding" value="UTF-8"/>
    <property name="java.vm.name" value="OpenJDK 64-Bit Server VM"/>
    <property name="java.vendor.version" value="Temurin-17.0.10+7"/>
    <property name="localRepository" value="/home/hyvuonggia/.m2/repository"/>
    <property name="java.vendor.url.bug" value="https://github.com/adoptium/adoptium-support/issues"/>
    <property name="java.io.tmpdir" value="/tmp"/>
    <property name="java.version" value="17.0.10"/>
    <property name="user.dir" value="/home/hyvuonggia/todo-app-react-springboot/01-rest-api-starting-code"/>
    <property name="os.arch" value="amd64"/>
    <property name="java.vm.specification.name" value="Java Virtual Machine Specification"/>
    <property name="PID" value="3059323"/>
    <property name="CONSOLE_LOG_CHARSET" value="UTF-8"/>
    <property name="native.encoding" value="UTF-8"/>
    <property name="java.library.path" value="/usr/java/packages/lib:/usr/lib64:/lib64:/lib:/usr/lib"/>
    <property name="java.vm.info" value="mixed mode"/>
    <property name="java.vendor" value="Eclipse Adoptium"/>
    <property name="java.vm.version" value="17.0.10+7"/>
    <property name="sun.io.unicode.encoding" value="UnicodeLittle"/>
    <property name="java.class.version" value="61.0"/>
  </properties>
  <testcase name="contextLoads" classname="com.in28minutes.rest.webservices.restfulwebservices.RestfulWebServicesApplicationTests" time="0.853">
    <system-out><![CDATA[15:03:34.122 [main] INFO org.springframework.test.context.support.AnnotationConfigContextLoaderUtils -- Could not detect default configuration classes for test class [com.in28minutes.rest.webservices.restfulwebservices.RestfulWebServicesApplicationTests]: RestfulWebServicesApplicationTests does not declare any static, non-private, non-final, nested classes annotated with @Configuration.
15:03:34.205 [main] INFO org.springframework.boot.test.context.SpringBootTestContextBootstrapper -- Found @SpringBootConfiguration com.in28minutes.rest.webservices.restfulwebservices.RestfulWebServicesApplication for test class com.in28minutes.rest.webservices.restfulwebservices.RestfulWebServicesApplicationTests
15:03:34.344 [main] INFO org.springframework.boot.devtools.restart.RestartApplicationListener -- Restart disabled due to context in which it is running

  .   ____          _            __ _ _
 /\\ / ___'_ __ _ _(_)_ __  __ _ \ \ \ \
( ( )\___ | '_ | '_| | '_ \/ _` | \ \ \ \
 \\/  ___)| |_)| | | | | || (_| |  ) ) ) )
  '  |____| .__|_| |_|_| |_\__, | / / / /
 =========|_|==============|___/=/_/_/_/
 :: Spring Boot ::               (v3.1.10)

2024-04-14T15:03:34.595+07:00  INFO 3059323 --- [           main] r.w.r.RestfulWebServicesApplicationTests : Starting RestfulWebServicesApplicationTests using Java 17.0.10 with PID 3059323 (started by hyvuonggia in /home/hyvuonggia/todo-app-react-springboot/01-rest-api-starting-code)
2024-04-14T15:03:34.596+07:00  INFO 3059323 --- [           main] r.w.r.RestfulWebServicesApplicationTests : No active profile set, falling back to 1 default profile: "default"
2024-04-14T15:03:35.989+07:00  INFO 3059323 --- [           main] o.s.s.web.DefaultSecurityFilterChain     : Will secure any request with [org.springframework.security.web.session.DisableEncodeUrlFilter@287ae90c, org.springframework.security.web.context.request.async.WebAsyncManagerIntegrationFilter@2e1b374c, org.springframework.security.web.context.SecurityContextHolderFilter@4fb56bea, org.springframework.security.web.header.HeaderWriterFilter@75fd65c, org.springframework.security.web.authentication.logout.LogoutFilter@6c184d4d, org.springframework.security.web.authentication.www.BasicAuthenticationFilter@74024f3, org.springframework.security.web.savedrequest.RequestCacheAwareFilter@1f95881a, org.springframework.security.web.servletapi.SecurityContextHolderAwareRequestFilter@733ec58b, org.springframework.security.web.authentication.AnonymousAuthenticationFilter@3fcee3d9, org.springframework.security.web.session.SessionManagementFilter@56c8e6f0, org.springframework.security.web.access.ExceptionTranslationFilter@41ccb3b9, org.springframework.security.web.access.intercept.AuthorizationFilter@63f9b562]
2024-04-14T15:03:36.286+07:00  INFO 3059323 --- [           main] o.s.s.web.DefaultSecurityFilterChain     : Will secure any request with [org.springframework.security.web.session.DisableEncodeUrlFilter@100ad67e, org.springframework.security.web.context.request.async.WebAsyncManagerIntegrationFilter@713a35c5, org.springframework.security.web.context.SecurityContextHolderFilter@2dafae61, org.springframework.security.web.header.HeaderWriterFilter@5ef85555, org.springframework.security.web.authentication.logout.LogoutFilter@1bbddada, org.springframework.security.oauth2.server.resource.web.authentication.BearerTokenAuthenticationFilter@7ecda95b, org.springframework.security.web.authentication.www.BasicAuthenticationFilter@22da2fe6, org.springframework.security.web.savedrequest.RequestCacheAwareFilter@7a2fce12, org.springframework.security.web.servletapi.SecurityContextHolderAwareRequestFilter@66e17eff, org.springframework.security.web.authentication.AnonymousAuthenticationFilter@62aeddc8, org.springframework.security.web.session.SessionManagementFilter@5bcec67e, org.springframework.security.web.access.ExceptionTranslationFilter@73c48264, org.springframework.security.web.access.intercept.AuthorizationFilter@721d5b74]
2024-04-14T15:03:36.556+07:00  INFO 3059323 --- [           main] r.w.r.RestfulWebServicesApplicationTests : Started RestfulWebServicesApplicationTests in 2.223 seconds (process running for 3.165)
]]></system-out>
  </testcase>
</testsuite>